<?xml version="1.0"?>
<testsuites>
  <testsuite name="Chrome 40.0.2214 (Linux 0.0.0)" package="" timestamp="2015-06-11T04:30:58" id="0" hostname="yuchengslave-slave">
    <properties>
      <property name="browser.fullName" value="Mozilla/5.0 (X11; Linux i686 (x86_64)) AppleWebKit/537.36 (KHTML, like Gecko) Chrome/40.0.2214.115 Safari/537.36"/>
    </properties>
  </testsuite>
  <testsuite name="Chrome 40.0.2214 (Linux 0.0.0)" package="" timestamp="2015-06-11T04:30:58" id="0" hostname="yuchengslave-slave" tests="4" errors="0" failures="3" time="0.046">
    <properties>
      <property name="browser.fullName" value="Mozilla/5.0 (X11; Linux i686 (x86_64)) AppleWebKit/537.36 (KHTML, like Gecko) Chrome/40.0.2214.115 Safari/537.36"/>
    </properties>
    <testcase name="scope should be defined" time="0.025" classname="Chrome 40.0.2214 (Linux 0.0.0).load loginApp loginAppController">
      <failure type="">Error: [$injector:modulerr] Failed to instantiate module loginApp due to:
Error: [$injector:modulerr] Failed to instantiate module ui.router due to:
Error: [$injector:nomod] Module &apos;ui.router&apos; is not available! You either misspelled the module name or forgot to load it. If registering a module ensure that you specify the dependencies as the second argument.
http://errors.angularjs.org/1.3.14/$injector/nomod?p0=ui.router
    at /home/yucheng-slave/Yummet/Webapp/app/v1/core/appserver/src/main/webapp/assets/js/angular_v1.3.14/angular.js:63:12
    at /home/yucheng-slave/Yummet/Webapp/app/v1/core/appserver/src/main/webapp/assets/js/angular_v1.3.14/angular.js:1767:17
    at ensure (/home/yucheng-slave/Yummet/Webapp/app/v1/core/appserver/src/main/webapp/assets/js/angular_v1.3.14/angular.js:1691:38)
    at module (/home/yucheng-slave/Yummet/Webapp/app/v1/core/appserver/src/main/webapp/assets/js/angular_v1.3.14/angular.js:1765:14)
    at /home/yucheng-slave/Yummet/Webapp/app/v1/core/appserver/src/main/webapp/assets/js/angular_v1.3.14/angular.js:4097:22
    at forEach (/home/yucheng-slave/Yummet/Webapp/app/v1/core/appserver/src/main/webapp/assets/js/angular_v1.3.14/angular.js:323:20)
    at loadModules (/home/yucheng-slave/Yummet/Webapp/app/v1/core/appserver/src/main/webapp/assets/js/angular_v1.3.14/angular.js:4081:5)
    at /home/yucheng-slave/Yummet/Webapp/app/v1/core/appserver/src/main/webapp/assets/js/angular_v1.3.14/angular.js:4098:40
    at forEach (/home/yucheng-slave/Yummet/Webapp/app/v1/core/appserver/src/main/webapp/assets/js/angular_v1.3.14/angular.js:323:20)
    at loadModules (/home/yucheng-slave/Yummet/Webapp/app/v1/core/appserver/src/main/webapp/assets/js/angular_v1.3.14/angular.js:4081:5)
http://errors.angularjs.org/1.3.14/$injector/modulerr?p0=ui.router&amp;p1=Error%3A%20%5B%24injector%3Anomod%5D%20Module%20&apos;ui.router&apos;%20is%20not%20available!%20You%20either%20misspelled%20the%20module%20name%20or%20forgot%20to%20load%20it.%20If%20registering%20a%20module%20ensure%20that%20you%20specify%20the%20dependencies%20as%20the%20second%20argument.%0Ahttp%3A%2F%2Ferrors.angularjs.org%2F1.3.14%2F%24injector%2Fnomod%3Fp0%3Dui.router%0A%20%20%20%20at%20http%3A%2F%2Flocalhost%3A9876%2Fabsolute%2Fhome%2Fyucheng-slave%2FYummet%2FWebapp%2Fapp%2Fv1%2Fcore%2Fappserver%2Fsrc%2Fmain%2Fwebapp%2Fassets%2Fjs%2Fangular_v1.3.14%2Fangular.js%3Fad76f9b8c42ab75218a5fc1d8f1b65e9fd985cbb%3A63%3A12%0A%20%20%20%20at%20http%3A%2F%2Flocalhost%3A9876%2Fabsolute%2Fhome%2Fyucheng-slave%2FYummet%2FWebapp%2Fapp%2Fv1%2Fcore%2Fappserver%2Fsrc%2Fmain%2Fwebapp%2Fassets%2Fjs%2Fangular_v1.3.14%2Fangular.js%3Fad76f9b8c42ab75218a5fc1d8f1b65e9fd985cbb%3A1767%3A17%0A%20%20%20%20at%20ensure%20(http%3A%2F%2Flocalhost%3A9876%2Fabsolute%2Fhome%2Fyucheng-slave%2FYummet%2FWebapp%2Fapp%2Fv1%2Fcore%2Fappserver%2Fsrc%2Fmain%2Fwebapp%2Fassets%2Fjs%2Fangular_v1.3.14%2Fangular.js%3Fad76f9b8c42ab75218a5fc1d8f1b65e9fd985cbb%3A1691%3A38)%0A%20%20%20%20at%20module%20(http%3A%2F%2Flocalhost%3A9876%2Fabsolute%2Fhome%2Fyucheng-slave%2FYummet%2FWebapp%2Fapp%2Fv1%2Fcore%2Fappserver%2Fsrc%2Fmain%2Fwebapp%2Fassets%2Fjs%2Fangular_v1.3.14%2Fangular.js%3Fad76f9b8c42ab75218a5fc1d8f1b65e9fd985cbb%3A1765%3A14)%0A%20%20%20%20at%20http%3A%2F%2Flocalhost%3A9876%2Fabsolute%2Fhome%2Fyucheng-slave%2FYummet%2FWebapp%2Fapp%2Fv1%2Fcore%2Fappserver%2Fsrc%2Fmain%2Fwebapp%2Fassets%2Fjs%2Fangular_v1.3.14%2Fangular.js%3Fad76f9b8c42ab75218a5fc1d8f1b65e9fd985cbb%3A4097%3A22%0A%20%20%20%20at%20forEach%20(http%3A%2F%2Flocalhost%3A9876%2Fabsolute%2Fhome%2Fyucheng-slave%2FYummet%2FWebapp%2Fapp%2Fv1%2Fcore%2Fappserver%2Fsrc%2Fmain%2Fwebapp%2Fassets%2Fjs%2Fangular_v1.3.14%2Fangular.js%3Fad76f9b8c42ab75218a5fc1d8f1b65e9fd985cbb%3A323%3A20)%0A%20%20%20%20at%20loadModules%20(http%3A%2F%2Flocalhost%3A9876%2Fabsolute%2Fhome%2Fyucheng-slave%2FYummet%2FWebapp%2Fapp%2Fv1%2Fcore%2Fappserver%2Fsrc%2Fmain%2Fwebapp%2Fassets%2Fjs%2Fangular_v1.3.14%2Fangular.js%3Fad76f9b8c42ab75218a5fc1d8f1b65e9fd985cbb%3A4081%3A5)%0A%20%20%20%20at%20http%3A%2F%2Flocalhost%3A9876%2Fabsolute%2Fhome%2Fyucheng-slave%2FYummet%2FWebapp%2Fapp%2Fv1%2Fcore%2Fappserver%2Fsrc%2Fmain%2Fwebapp%2Fassets%2Fjs%2Fangular_v1.3.14%2Fangular.js%3Fad76f9b8c42ab75218a5fc1d8f1b65e9fd985cbb%3A4098%3A40%0A%20%20%20%20at%20forEach%20(http%3A%2F%2Flocalhost%3A9876%2Fabsolute%2Fhome%2Fyucheng-slave%2FYummet%2FWebapp%2Fapp%2Fv1%2Fcore%2Fappserver%2Fsrc%2Fmain%2Fwebapp%2Fassets%2Fjs%2Fangular_v1.3.14%2Fangular.js%3Fad76f9b8c42ab75218a5fc1d8f1b65e9fd985cbb%3A323%3A20)%0A%20%20%20%20at%20loadModules%20(http%3A%2F%2Flocalhost%3A9876%2Fabsolute%2Fhome%2Fyucheng-slave%2FYummet%2FWebapp%2Fapp%2Fv1%2Fcore%2Fappserver%2Fsrc%2Fmain%2Fwebapp%2Fassets%2Fjs%2Fangular_v1.3.14%2Fangular.js%3Fad76f9b8c42ab75218a5fc1d8f1b65e9fd985cbb%3A4081%3A5)
    at /home/yucheng-slave/Yummet/Webapp/app/v1/core/appserver/src/main/webapp/assets/js/angular_v1.3.14/angular.js:63:12
    at /home/yucheng-slave/Yummet/Webapp/app/v1/core/appserver/src/main/webapp/assets/js/angular_v1.3.14/angular.js:4120:15
    at forEach (/home/yucheng-slave/Yummet/Webapp/app/v1/core/appserver/src/main/webapp/assets/js/angular_v1.3.14/angular.js:323:20)
    at loadModules (/home/yucheng-slave/Yummet/Webapp/app/v1/core/appserver/src/main/webapp/assets/js/angular_v1.3.14/angular.js:4081:5)
    at /home/yucheng-slave/Yummet/Webapp/app/v1/core/appserver/src/main/webapp/assets/js/angular_v1.3.14/angular.js:4098:40
    at forEach (/home/yucheng-slave/Yummet/Webapp/app/v1/core/appserver/src/main/webapp/assets/js/angular_v1.3.14/angular.js:323:20)
    at loadModules (/home/yucheng-slave/Yummet/Webapp/app/v1/core/appserver/src/main/webapp/assets/js/angular_v1.3.14/angular.js:4081:5)
    at Object.createInjector [as injector] (/home/yucheng-slave/Yummet/Webapp/app/v1/core/appserver/src/main/webapp/assets/js/angular_v1.3.14/angular.js:4007:11)
    at Object.workFn (/home/yucheng-slave/Yummet/Webapp/app/v1/core/appserver/src/main/webapp/resources/angular/test/angular-mocks.js:2353:52)
http://errors.angularjs.org/1.3.14/$injector/modulerr?p0=loginApp&amp;p1=Error%3A%20%5B%24injector%3Amodulerr%5D%20Failed%20to%20instantiate%20module%20ui.router%20due%20to%3A%0AError%3A%20%5B%24injector%3Anomod%5D%20Module%20&apos;ui.router&apos;%20is%20not%20available!%20You%20either%20misspelled%20the%20module%20name%20or%20forgot%20to%20load%20it.%20If%20registering%20a%20module%20ensure%20that%20you%20specify%20the%20dependencies%20as%20the%20second%20argument.%0Ahttp%3A%2F%2Ferrors.angularjs.org%2F1.3.14%2F%24injector%2Fnomod%3Fp0%3Dui.router%0A%20%20%20%20at%20http%3A%2F%2Flocalhost%3A9876%2Fabsolute%2Fhome%2Fyucheng-slave%2FYummet%2FWebapp%2Fapp%2Fv1%2Fcore%2Fappserver%2Fsrc%2Fmain%2Fwebapp%2Fassets%2Fjs%2Fangular_v1.3.14%2Fangular.js%3Fad76f9b8c42ab75218a5fc1d8f1b65e9fd985cbb%3A63%3A12%0A%20%20%20%20at%20http%3A%2F%2Flocalhost%3A9876%2Fabsolute%2Fhome%2Fyucheng-slave%2FYummet%2FWebapp%2Fapp%2Fv1%2Fcore%2Fappserver%2Fsrc%2Fmain%2Fwebapp%2Fassets%2Fjs%2Fangular_v1.3.14%2Fangular.js%3Fad76f9b8c42ab75218a5fc1d8f1b65e9fd985cbb%3A1767%3A17%0A%20%20%20%20at%20ensure%20(http%3A%2F%2Flocalhost%3A9876%2Fabsolute%2Fhome%2Fyucheng-slave%2FYummet%2FWebapp%2Fapp%2Fv1%2Fcore%2Fappserver%2Fsrc%2Fmain%2Fwebapp%2Fassets%2Fjs%2Fangular_v1.3.14%2Fangular.js%3Fad76f9b8c42ab75218a5fc1d8f1b65e9fd985cbb%3A1691%3A38)%0A%20%20%20%20at%20module%20(http%3A%2F%2Flocalhost%3A9876%2Fabsolute%2Fhome%2Fyucheng-slave%2FYummet%2FWebapp%2Fapp%2Fv1%2Fcore%2Fappserver%2Fsrc%2Fmain%2Fwebapp%2Fassets%2Fjs%2Fangular_v1.3.14%2Fangular.js%3Fad76f9b8c42ab75218a5fc1d8f1b65e9fd985cbb%3A1765%3A14)%0A%20%20%20%20at%20http%3A%2F%2Flocalhost%3A9876%2Fabsolute%2Fhome%2Fyucheng-slave%2FYummet%2FWebapp%2Fapp%2Fv1%2Fcore%2Fappserver%2Fsrc%2Fmain%2Fwebapp%2Fassets%2Fjs%2Fangular_v1.3.14%2Fangular.js%3Fad76f9b8c42ab75218a5fc1d8f1b65e9fd985cbb%3A4097%3A22%0A%20%20%20%20at%20forEach%20(http%3A%2F%2Flocalhost%3A9876%2Fabsolute%2Fhome%2Fyucheng-slave%2FYummet%2FWebapp%2Fapp%2Fv1%2Fcore%2Fappserver%2Fsrc%2Fmain%2Fwebapp%2Fassets%2Fjs%2Fangular_v1.3.14%2Fangular.js%3Fad76f9b8c42ab75218a5fc1d8f1b65e9fd985cbb%3A323%3A20)%0A%20%20%20%20at%20loadModules%20(http%3A%2F%2Flocalhost%3A9876%2Fabsolute%2Fhome%2Fyucheng-slave%2FYummet%2FWebapp%2Fapp%2Fv1%2Fcore%2Fappserver%2Fsrc%2Fmain%2Fwebapp%2Fassets%2Fjs%2Fangular_v1.3.14%2Fangular.js%3Fad76f9b8c42ab75218a5fc1d8f1b65e9fd985cbb%3A4081%3A5)%0A%20%20%20%20at%20http%3A%2F%2Flocalhost%3A9876%2Fabsolute%2Fhome%2Fyucheng-slave%2FYummet%2FWebapp%2Fapp%2Fv1%2Fcore%2Fappserver%2Fsrc%2Fmain%2Fwebapp%2Fassets%2Fjs%2Fangular_v1.3.14%2Fangular.js%3Fad76f9b8c42ab75218a5fc1d8f1b65e9fd985cbb%3A4098%3A40%0A%20%20%20%20at%20forEach%20(http%3A%2F%2Flocalhost%3A9876%2Fabsolute%2Fhome%2Fyucheng-slave%2FYummet%2FWebapp%2Fapp%2Fv1%2Fcore%2Fappserver%2Fsrc%2Fmain%2Fwebapp%2Fassets%2Fjs%2Fangular_v1.3.14%2Fangular.js%3Fad76f9b8c42ab75218a5fc1d8f1b65e9fd985cbb%3A323%3A20)%0A%20%20%20%20at%20loadModules%20(http%3A%2F%2Flocalhost%3A9876%2Fabsolute%2Fhome%2Fyucheng-slave%2FYummet%2FWebapp%2Fapp%2Fv1%2Fcore%2Fappserver%2Fsrc%2Fmain%2Fwebapp%2Fassets%2Fjs%2Fangular_v1.3.14%2Fangular.js%3Fad76f9b8c42ab75218a5fc1d8f1b65e9fd985cbb%3A4081%3A5)%0Ahttp%3A%2F%2Ferrors.angularjs.org%2F1.3.14%2F%24injector%2Fmodulerr%3Fp0%3Dui.router%26p1%3DError%253A%2520%255B%2524injector%253Anomod%255D%2520Module%2520&apos;ui.router&apos;%2520is%2520not%2520available!%2520You%2520either%2520misspelled%2520the%2520module%2520name%2520or%2520forgot%2520to%2520load%2520it.%2520If%2520registering%2520a%2520module%2520ensure%2520that%2520you%2520specify%2520the%2520dependencies%2520as%2520the%2520second%2520argument.%250Ahttp%253A%252F%252Ferrors.angularjs.org%252F1.3.14%252F%2524injector%252Fnomod%253Fp0%253Dui.router%250A%2520%2520%2520%2520at%2520http%253A%252F%252Flocalhost%253A9876%252Fabsolute%252Fhome%252Fyucheng-slave%252FYummet%252FWebapp%252Fapp%252Fv1%252Fcore%252Fappserver%252Fsrc%252Fmain%252Fwebapp%252Fassets%252Fjs%252Fangular_v1.3.14%252Fangular.js%253Fad76f9b8c42ab75218a5fc1d8f1b65e9fd985cbb%253A63%253A12%250A%2520%2520%2520%2520at%2520http%253A%252F%252Flocalhost%253A9876%252Fabsolute%252Fhome%252Fyucheng-slave%252FYummet%252FWebapp%252Fapp%252Fv1%252Fcore%252Fappserver%252Fsrc%252Fmain%252Fwebapp%252Fassets%252Fjs%252Fangular_v1.3.14%252Fangular.js%253Fad76f9b8c42ab75218a5fc1d8f1b65e9fd985cbb%253A1767%253A17%250A%2520%2520%2520%2520at%2520ensure%2520(http%253A%252F%252Flocalhost%253A9876%252Fabsolute%252Fhome%252Fyucheng-slave%252FYummet%252FWebapp%252Fapp%252Fv1%252Fcore%252Fappserver%252Fsrc%252Fmain%252Fwebapp%252Fassets%252Fjs%252Fangular_v1.3.14%252Fangular.js%253Fad76f9b8c42ab75218a5fc1d8f1b65e9fd985cbb%253A1691%253A38)%250A%2520%2520%2520%2520at%2520module%2520(http%253A%252F%252Flocalhost%253A9876%252Fabsolute%252Fhome%252Fyucheng-slave%252FYummet%252FWebapp%252Fapp%252Fv1%252Fcore%252Fappserver%252Fsrc%252Fmain%252Fwebapp%252Fassets%252Fjs%252Fangular_v1.3.14%252Fangular.js%253Fad76f9b8c42ab75218a5fc1d8f1b65e9fd985cbb%253A1765%253A14)%250A%2520%2520%2520%2520at%2520http%253A%252F%252Flocalhost%253A9876%252Fabsolute%252Fhome%252Fyucheng-slave%252FYummet%252FWebapp%252Fapp%252Fv1%252Fcore%252Fappserver%252Fsrc%252Fmain%252Fwebapp%252Fassets%252Fjs%252Fangular_v1.3.14%252Fangular.js%253Fad76f9b8c42ab75218a5fc1d8f1b65e9fd985cbb%253A4097%253A22%250A%2520%2520%2520%2520at%2520forEach%2520(http%253A%252F%252Flocalhost%253A9876%252Fabsolute%252Fhome%252Fyucheng-slave%252FYummet%252FWebapp%252Fapp%252Fv1%252Fcore%252Fappserver%252Fsrc%252Fmain%252Fwebapp%252Fassets%252Fjs%252Fangular_v1.3.14%252Fangular.js%253Fad76f9b8c42ab75218a5fc1d8f1b65e9fd985cbb%253A323%253A20)%250A%2520%2520%2520%2520at%2520loadModules%2520(http%253A%252F%252Flocalhost%253A9876%252Fabsolute%252Fhome%252Fyucheng-slave%252FYummet%252FWebapp%252Fapp%252Fv1%252Fcore%252Fappserver%252Fsrc%252Fmain%252Fwebapp%252Fassets%252Fjs%252Fangular_v1.3.14%252Fangular.js%253Fad76f9b8c42ab75218a5fc1d8f1b65e9fd985cbb%253A4081%253A5)%250A%2520%2520%2520%2520at%2520http%253A%252F%252Flocalhost%253A9876%252Fabsolute%252Fhome%252Fyucheng-slave%252FYummet%252FWebapp%252Fapp%252Fv1%252Fcore%252Fappserver%252Fsrc%252Fmain%252Fwebapp%252Fassets%252Fjs%252Fangular_v1.3.14%252Fangular.js%253Fad76f9b8c42ab75218a5fc1d8f1b65e9fd985cbb%253A4098%253A40%250A%2520%2520%2520%2520at%2520forEach%2520(http%253A%252F%252Flocalhost%253A9876%252Fabsolute%252Fhome%252Fyucheng-slave%252FYummet%252FWebapp%252Fapp%252Fv1%252Fcore%252Fappserver%252Fsrc%252Fmain%252Fwebapp%252Fassets%252Fjs%252Fangular_v1.3.14%252Fangular.js%253Fad76f9b8c42ab75218a5fc1d8f1b65e9fd985cbb%253A323%253A20)%250A%2520%2520%2520%2520at%2520loadModules%2520(http%253A%252F%252Flocalhost%253A9876%252Fabsolute%252Fhome%252Fyucheng-slave%252FYummet%252FWebapp%252Fapp%252Fv1%252Fcore%252Fappserver%252Fsrc%252Fmain%252Fwebapp%252Fassets%252Fjs%252Fangular_v1.3.14%252Fangular.js%253Fad76f9b8c42ab75218a5fc1d8f1b65e9fd985cbb%253A4081%253A5)%0A%20%20%20%20at%20http%3A%2F%2Flocalhost%3A9876%2Fabsolute%2Fhome%2Fyucheng-slave%2FYummet%2FWebapp%2Fapp%2Fv1%2Fcore%2Fappserver%2Fsrc%2Fmain%2Fwebapp%2Fassets%2Fjs%2Fangular_v1.3.14%2Fangular.js%3Fad76f9b8c42ab75218a5fc1d8f1b65e9fd985cbb%3A63%3A12%0A%20%20%20%20at%20http%3A%2F%2Flocalhost%3A9876%2Fabsolute%2Fhome%2Fyucheng-slave%2FYummet%2FWebapp%2Fapp%2Fv1%2Fcore%2Fappserver%2Fsrc%2Fmain%2Fwebapp%2Fassets%2Fjs%2Fangular_v1.3.14%2Fangular.js%3Fad76f9b8c42ab75218a5fc1d8f1b65e9fd985cbb%3A4120%3A15%0A%20%20%20%20at%20forEach%20(http%3A%2F%2Flocalhost%3A9876%2Fabsolute%2Fhome%2Fyucheng-slave%2FYummet%2FWebapp%2Fapp%2Fv1%2Fcore%2Fappserver%2Fsrc%2Fmain%2Fwebapp%2Fassets%2Fjs%2Fangular_v1.3.14%2Fangular.js%3Fad76f9b8c42ab75218a5fc1d8f1b65e9fd985cbb%3A323%3A20)%0A%20%20%20%20at%20loadModules%20(http%3A%2F%2Flocalhost%3A9876%2Fabsolute%2Fhome%2Fyucheng-slave%2FYummet%2FWebapp%2Fapp%2Fv1%2Fcore%2Fappserver%2Fsrc%2Fmain%2Fwebapp%2Fassets%2Fjs%2Fangular_v1.3.14%2Fangular.js%3Fad76f9b8c42ab75218a5fc1d8f1b65e9fd985cbb%3A4081%3A5)%0A%20%20%20%20at%20http%3A%2F%2Flocalhost%3A9876%2Fabsolute%2Fhome%2Fyucheng-slave%2FYummet%2FWebapp%2Fapp%2Fv1%2Fcore%2Fappserver%2Fsrc%2Fmain%2Fwebapp%2Fassets%2Fjs%2Fangular_v1.3.14%2Fangular.js%3Fad76f9b8c42ab75218a5fc1d8f1b65e9fd985cbb%3A4098%3A40%0A%20%20%20%20at%20forEach%20(http%3A%2F%2Flocalhost%3A9876%2Fabsolute%2Fhome%2Fyucheng-slave%2FYummet%2FWebapp%2Fapp%2Fv1%2Fcore%2Fappserver%2Fsrc%2Fmain%2Fwebapp%2Fassets%2Fjs%2Fangular_v1.3.14%2Fangular.js%3Fad76f9b8c42ab75218a5fc1d8f1b65e9fd985cbb%3A323%3A20)%0A%20%20%20%20at%20loadModules%20(http%3A%2F%2Flocalhost%3A9876%2Fabsolute%2Fhome%2Fyucheng-slave%2FYummet%2FWebapp%2Fapp%2Fv1%2Fcore%2Fappserver%2Fsrc%2Fmain%2Fwebapp%2Fassets%2Fjs%2Fangular_v1.3.14%2Fangular.js%3Fad76f9b8c42ab75218a5fc1d8f1b65e9fd985cbb%3A4081%3A5)%0A%20%20%20%20at%20Object.createInjector%20%5Bas%20injector%5D%20(http%3A%2F%2Flocalhost%3A9876%2Fabsolute%2Fhome%2Fyucheng-slave%2FYummet%2FWebapp%2Fapp%2Fv1%2Fcore%2Fappserver%2Fsrc%2Fmain%2Fwebapp%2Fassets%2Fjs%2Fangular_v1.3.14%2Fangular.js%3Fad76f9b8c42ab75218a5fc1d8f1b65e9fd985cbb%3A4007%3A11)%0A%20%20%20%20at%20Object.workFn%20(http%3A%2F%2Flocalhost%3A9876%2Fbase%2Ftest%2Fangular-mocks.js%3F22d2ba1b1057c6b4d908b5bef8c0f16e46f8b036%3A2353%3A52)%0A%20%20%20%20at%20attemptSync%20(http%3A%2F%2Flocalhost%3A9876%2Fabsolute%2Fhome%2Fyucheng-slave%2FYummet%2FWebapp%2Fapp%2Fv1%2Fcore%2Fappserver%2Fnode_modules%2Fjasmine-core%2Flib%2Fjasmine-core%2Fjasmine.js%3F578a1e5ff14db21b04e2d6db7fd0eda37042440c%3A1789%3A24)
    at /home/yucheng-slave/Yummet/Webapp/app/v1/core/appserver/src/main/webapp/assets/js/angular_v1.3.14/angular.js:63:12
    at /home/yucheng-slave/Yummet/Webapp/app/v1/core/appserver/src/main/webapp/assets/js/angular_v1.3.14/angular.js:4120:15
    at forEach (/home/yucheng-slave/Yummet/Webapp/app/v1/core/appserver/src/main/webapp/assets/js/angular_v1.3.14/angular.js:323:20)
    at loadModules (/home/yucheng-slave/Yummet/Webapp/app/v1/core/appserver/src/main/webapp/assets/js/angular_v1.3.14/angular.js:4081:5)
    at Object.createInjector [as injector] (/home/yucheng-slave/Yummet/Webapp/app/v1/core/appserver/src/main/webapp/assets/js/angular_v1.3.14/angular.js:4007:11)
    at Object.workFn (/home/yucheng-slave/Yummet/Webapp/app/v1/core/appserver/src/main/webapp/resources/angular/test/angular-mocks.js:2353:52)
</failure>
      <failure type="">Expected undefined to be defined.
    at Object.&lt;anonymous&gt; (/home/yucheng-slave/Yummet/Webapp/app/v1/core/appserver/src/main/webapp/resources/angular/test/controller/loginAppControllerTest.js:35:22)
</failure>
    </testcase>
    <testcase name="sets the strength to &quot;strong&quot; if the password length is &gt;8 chars" time="0.008" classname="Chrome 40.0.2214 (Linux 0.0.0).load loginApp loginAppController">
      <failure type="">Error: [$injector:modulerr] Failed to instantiate module loginApp due to:
Error: [$injector:modulerr] Failed to instantiate module ui.router due to:
Error: [$injector:nomod] Module &apos;ui.router&apos; is not available! You either misspelled the module name or forgot to load it. If registering a module ensure that you specify the dependencies as the second argument.
http://errors.angularjs.org/1.3.14/$injector/nomod?p0=ui.router
    at /home/yucheng-slave/Yummet/Webapp/app/v1/core/appserver/src/main/webapp/assets/js/angular_v1.3.14/angular.js:63:12
    at /home/yucheng-slave/Yummet/Webapp/app/v1/core/appserver/src/main/webapp/assets/js/angular_v1.3.14/angular.js:1767:17
    at ensure (/home/yucheng-slave/Yummet/Webapp/app/v1/core/appserver/src/main/webapp/assets/js/angular_v1.3.14/angular.js:1691:38)
    at module (/home/yucheng-slave/Yummet/Webapp/app/v1/core/appserver/src/main/webapp/assets/js/angular_v1.3.14/angular.js:1765:14)
    at /home/yucheng-slave/Yummet/Webapp/app/v1/core/appserver/src/main/webapp/assets/js/angular_v1.3.14/angular.js:4097:22
    at forEach (/home/yucheng-slave/Yummet/Webapp/app/v1/core/appserver/src/main/webapp/assets/js/angular_v1.3.14/angular.js:323:20)
    at loadModules (/home/yucheng-slave/Yummet/Webapp/app/v1/core/appserver/src/main/webapp/assets/js/angular_v1.3.14/angular.js:4081:5)
    at /home/yucheng-slave/Yummet/Webapp/app/v1/core/appserver/src/main/webapp/assets/js/angular_v1.3.14/angular.js:4098:40
    at forEach (/home/yucheng-slave/Yummet/Webapp/app/v1/core/appserver/src/main/webapp/assets/js/angular_v1.3.14/angular.js:323:20)
    at loadModules (/home/yucheng-slave/Yummet/Webapp/app/v1/core/appserver/src/main/webapp/assets/js/angular_v1.3.14/angular.js:4081:5)
http://errors.angularjs.org/1.3.14/$injector/modulerr?p0=ui.router&amp;p1=Error%3A%20%5B%24injector%3Anomod%5D%20Module%20&apos;ui.router&apos;%20is%20not%20available!%20You%20either%20misspelled%20the%20module%20name%20or%20forgot%20to%20load%20it.%20If%20registering%20a%20module%20ensure%20that%20you%20specify%20the%20dependencies%20as%20the%20second%20argument.%0Ahttp%3A%2F%2Ferrors.angularjs.org%2F1.3.14%2F%24injector%2Fnomod%3Fp0%3Dui.router%0A%20%20%20%20at%20http%3A%2F%2Flocalhost%3A9876%2Fabsolute%2Fhome%2Fyucheng-slave%2FYummet%2FWebapp%2Fapp%2Fv1%2Fcore%2Fappserver%2Fsrc%2Fmain%2Fwebapp%2Fassets%2Fjs%2Fangular_v1.3.14%2Fangular.js%3Fad76f9b8c42ab75218a5fc1d8f1b65e9fd985cbb%3A63%3A12%0A%20%20%20%20at%20http%3A%2F%2Flocalhost%3A9876%2Fabsolute%2Fhome%2Fyucheng-slave%2FYummet%2FWebapp%2Fapp%2Fv1%2Fcore%2Fappserver%2Fsrc%2Fmain%2Fwebapp%2Fassets%2Fjs%2Fangular_v1.3.14%2Fangular.js%3Fad76f9b8c42ab75218a5fc1d8f1b65e9fd985cbb%3A1767%3A17%0A%20%20%20%20at%20ensure%20(http%3A%2F%2Flocalhost%3A9876%2Fabsolute%2Fhome%2Fyucheng-slave%2FYummet%2FWebapp%2Fapp%2Fv1%2Fcore%2Fappserver%2Fsrc%2Fmain%2Fwebapp%2Fassets%2Fjs%2Fangular_v1.3.14%2Fangular.js%3Fad76f9b8c42ab75218a5fc1d8f1b65e9fd985cbb%3A1691%3A38)%0A%20%20%20%20at%20module%20(http%3A%2F%2Flocalhost%3A9876%2Fabsolute%2Fhome%2Fyucheng-slave%2FYummet%2FWebapp%2Fapp%2Fv1%2Fcore%2Fappserver%2Fsrc%2Fmain%2Fwebapp%2Fassets%2Fjs%2Fangular_v1.3.14%2Fangular.js%3Fad76f9b8c42ab75218a5fc1d8f1b65e9fd985cbb%3A1765%3A14)%0A%20%20%20%20at%20http%3A%2F%2Flocalhost%3A9876%2Fabsolute%2Fhome%2Fyucheng-slave%2FYummet%2FWebapp%2Fapp%2Fv1%2Fcore%2Fappserver%2Fsrc%2Fmain%2Fwebapp%2Fassets%2Fjs%2Fangular_v1.3.14%2Fangular.js%3Fad76f9b8c42ab75218a5fc1d8f1b65e9fd985cbb%3A4097%3A22%0A%20%20%20%20at%20forEach%20(http%3A%2F%2Flocalhost%3A9876%2Fabsolute%2Fhome%2Fyucheng-slave%2FYummet%2FWebapp%2Fapp%2Fv1%2Fcore%2Fappserver%2Fsrc%2Fmain%2Fwebapp%2Fassets%2Fjs%2Fangular_v1.3.14%2Fangular.js%3Fad76f9b8c42ab75218a5fc1d8f1b65e9fd985cbb%3A323%3A20)%0A%20%20%20%20at%20loadModules%20(http%3A%2F%2Flocalhost%3A9876%2Fabsolute%2Fhome%2Fyucheng-slave%2FYummet%2FWebapp%2Fapp%2Fv1%2Fcore%2Fappserver%2Fsrc%2Fmain%2Fwebapp%2Fassets%2Fjs%2Fangular_v1.3.14%2Fangular.js%3Fad76f9b8c42ab75218a5fc1d8f1b65e9fd985cbb%3A4081%3A5)%0A%20%20%20%20at%20http%3A%2F%2Flocalhost%3A9876%2Fabsolute%2Fhome%2Fyucheng-slave%2FYummet%2FWebapp%2Fapp%2Fv1%2Fcore%2Fappserver%2Fsrc%2Fmain%2Fwebapp%2Fassets%2Fjs%2Fangular_v1.3.14%2Fangular.js%3Fad76f9b8c42ab75218a5fc1d8f1b65e9fd985cbb%3A4098%3A40%0A%20%20%20%20at%20forEach%20(http%3A%2F%2Flocalhost%3A9876%2Fabsolute%2Fhome%2Fyucheng-slave%2FYummet%2FWebapp%2Fapp%2Fv1%2Fcore%2Fappserver%2Fsrc%2Fmain%2Fwebapp%2Fassets%2Fjs%2Fangular_v1.3.14%2Fangular.js%3Fad76f9b8c42ab75218a5fc1d8f1b65e9fd985cbb%3A323%3A20)%0A%20%20%20%20at%20loadModules%20(http%3A%2F%2Flocalhost%3A9876%2Fabsolute%2Fhome%2Fyucheng-slave%2FYummet%2FWebapp%2Fapp%2Fv1%2Fcore%2Fappserver%2Fsrc%2Fmain%2Fwebapp%2Fassets%2Fjs%2Fangular_v1.3.14%2Fangular.js%3Fad76f9b8c42ab75218a5fc1d8f1b65e9fd985cbb%3A4081%3A5)
    at /home/yucheng-slave/Yummet/Webapp/app/v1/core/appserver/src/main/webapp/assets/js/angular_v1.3.14/angular.js:63:12
    at /home/yucheng-slave/Yummet/Webapp/app/v1/core/appserver/src/main/webapp/assets/js/angular_v1.3.14/angular.js:4120:15
    at forEach (/home/yucheng-slave/Yummet/Webapp/app/v1/core/appserver/src/main/webapp/assets/js/angular_v1.3.14/angular.js:323:20)
    at loadModules (/home/yucheng-slave/Yummet/Webapp/app/v1/core/appserver/src/main/webapp/assets/js/angular_v1.3.14/angular.js:4081:5)
    at /home/yucheng-slave/Yummet/Webapp/app/v1/core/appserver/src/main/webapp/assets/js/angular_v1.3.14/angular.js:4098:40
    at forEach (/home/yucheng-slave/Yummet/Webapp/app/v1/core/appserver/src/main/webapp/assets/js/angular_v1.3.14/angular.js:323:20)
    at loadModules (/home/yucheng-slave/Yummet/Webapp/app/v1/core/appserver/src/main/webapp/assets/js/angular_v1.3.14/angular.js:4081:5)
    at Object.createInjector [as injector] (/home/yucheng-slave/Yummet/Webapp/app/v1/core/appserver/src/main/webapp/assets/js/angular_v1.3.14/angular.js:4007:11)
    at Object.workFn (/home/yucheng-slave/Yummet/Webapp/app/v1/core/appserver/src/main/webapp/resources/angular/test/angular-mocks.js:2353:52)
http://errors.angularjs.org/1.3.14/$injector/modulerr?p0=loginApp&amp;p1=Error%3A%20%5B%24injector%3Amodulerr%5D%20Failed%20to%20instantiate%20module%20ui.router%20due%20to%3A%0AError%3A%20%5B%24injector%3Anomod%5D%20Module%20&apos;ui.router&apos;%20is%20not%20available!%20You%20either%20misspelled%20the%20module%20name%20or%20forgot%20to%20load%20it.%20If%20registering%20a%20module%20ensure%20that%20you%20specify%20the%20dependencies%20as%20the%20second%20argument.%0Ahttp%3A%2F%2Ferrors.angularjs.org%2F1.3.14%2F%24injector%2Fnomod%3Fp0%3Dui.router%0A%20%20%20%20at%20http%3A%2F%2Flocalhost%3A9876%2Fabsolute%2Fhome%2Fyucheng-slave%2FYummet%2FWebapp%2Fapp%2Fv1%2Fcore%2Fappserver%2Fsrc%2Fmain%2Fwebapp%2Fassets%2Fjs%2Fangular_v1.3.14%2Fangular.js%3Fad76f9b8c42ab75218a5fc1d8f1b65e9fd985cbb%3A63%3A12%0A%20%20%20%20at%20http%3A%2F%2Flocalhost%3A9876%2Fabsolute%2Fhome%2Fyucheng-slave%2FYummet%2FWebapp%2Fapp%2Fv1%2Fcore%2Fappserver%2Fsrc%2Fmain%2Fwebapp%2Fassets%2Fjs%2Fangular_v1.3.14%2Fangular.js%3Fad76f9b8c42ab75218a5fc1d8f1b65e9fd985cbb%3A1767%3A17%0A%20%20%20%20at%20ensure%20(http%3A%2F%2Flocalhost%3A9876%2Fabsolute%2Fhome%2Fyucheng-slave%2FYummet%2FWebapp%2Fapp%2Fv1%2Fcore%2Fappserver%2Fsrc%2Fmain%2Fwebapp%2Fassets%2Fjs%2Fangular_v1.3.14%2Fangular.js%3Fad76f9b8c42ab75218a5fc1d8f1b65e9fd985cbb%3A1691%3A38)%0A%20%20%20%20at%20module%20(http%3A%2F%2Flocalhost%3A9876%2Fabsolute%2Fhome%2Fyucheng-slave%2FYummet%2FWebapp%2Fapp%2Fv1%2Fcore%2Fappserver%2Fsrc%2Fmain%2Fwebapp%2Fassets%2Fjs%2Fangular_v1.3.14%2Fangular.js%3Fad76f9b8c42ab75218a5fc1d8f1b65e9fd985cbb%3A1765%3A14)%0A%20%20%20%20at%20http%3A%2F%2Flocalhost%3A9876%2Fabsolute%2Fhome%2Fyucheng-slave%2FYummet%2FWebapp%2Fapp%2Fv1%2Fcore%2Fappserver%2Fsrc%2Fmain%2Fwebapp%2Fassets%2Fjs%2Fangular_v1.3.14%2Fangular.js%3Fad76f9b8c42ab75218a5fc1d8f1b65e9fd985cbb%3A4097%3A22%0A%20%20%20%20at%20forEach%20(http%3A%2F%2Flocalhost%3A9876%2Fabsolute%2Fhome%2Fyucheng-slave%2FYummet%2FWebapp%2Fapp%2Fv1%2Fcore%2Fappserver%2Fsrc%2Fmain%2Fwebapp%2Fassets%2Fjs%2Fangular_v1.3.14%2Fangular.js%3Fad76f9b8c42ab75218a5fc1d8f1b65e9fd985cbb%3A323%3A20)%0A%20%20%20%20at%20loadModules%20(http%3A%2F%2Flocalhost%3A9876%2Fabsolute%2Fhome%2Fyucheng-slave%2FYummet%2FWebapp%2Fapp%2Fv1%2Fcore%2Fappserver%2Fsrc%2Fmain%2Fwebapp%2Fassets%2Fjs%2Fangular_v1.3.14%2Fangular.js%3Fad76f9b8c42ab75218a5fc1d8f1b65e9fd985cbb%3A4081%3A5)%0A%20%20%20%20at%20http%3A%2F%2Flocalhost%3A9876%2Fabsolute%2Fhome%2Fyucheng-slave%2FYummet%2FWebapp%2Fapp%2Fv1%2Fcore%2Fappserver%2Fsrc%2Fmain%2Fwebapp%2Fassets%2Fjs%2Fangular_v1.3.14%2Fangular.js%3Fad76f9b8c42ab75218a5fc1d8f1b65e9fd985cbb%3A4098%3A40%0A%20%20%20%20at%20forEach%20(http%3A%2F%2Flocalhost%3A9876%2Fabsolute%2Fhome%2Fyucheng-slave%2FYummet%2FWebapp%2Fapp%2Fv1%2Fcore%2Fappserver%2Fsrc%2Fmain%2Fwebapp%2Fassets%2Fjs%2Fangular_v1.3.14%2Fangular.js%3Fad76f9b8c42ab75218a5fc1d8f1b65e9fd985cbb%3A323%3A20)%0A%20%20%20%20at%20loadModules%20(http%3A%2F%2Flocalhost%3A9876%2Fabsolute%2Fhome%2Fyucheng-slave%2FYummet%2FWebapp%2Fapp%2Fv1%2Fcore%2Fappserver%2Fsrc%2Fmain%2Fwebapp%2Fassets%2Fjs%2Fangular_v1.3.14%2Fangular.js%3Fad76f9b8c42ab75218a5fc1d8f1b65e9fd985cbb%3A4081%3A5)%0Ahttp%3A%2F%2Ferrors.angularjs.org%2F1.3.14%2F%24injector%2Fmodulerr%3Fp0%3Dui.router%26p1%3DError%253A%2520%255B%2524injector%253Anomod%255D%2520Module%2520&apos;ui.router&apos;%2520is%2520not%2520available!%2520You%2520either%2520misspelled%2520the%2520module%2520name%2520or%2520forgot%2520to%2520load%2520it.%2520If%2520registering%2520a%2520module%2520ensure%2520that%2520you%2520specify%2520the%2520dependencies%2520as%2520the%2520second%2520argument.%250Ahttp%253A%252F%252Ferrors.angularjs.org%252F1.3.14%252F%2524injector%252Fnomod%253Fp0%253Dui.router%250A%2520%2520%2520%2520at%2520http%253A%252F%252Flocalhost%253A9876%252Fabsolute%252Fhome%252Fyucheng-slave%252FYummet%252FWebapp%252Fapp%252Fv1%252Fcore%252Fappserver%252Fsrc%252Fmain%252Fwebapp%252Fassets%252Fjs%252Fangular_v1.3.14%252Fangular.js%253Fad76f9b8c42ab75218a5fc1d8f1b65e9fd985cbb%253A63%253A12%250A%2520%2520%2520%2520at%2520http%253A%252F%252Flocalhost%253A9876%252Fabsolute%252Fhome%252Fyucheng-slave%252FYummet%252FWebapp%252Fapp%252Fv1%252Fcore%252Fappserver%252Fsrc%252Fmain%252Fwebapp%252Fassets%252Fjs%252Fangular_v1.3.14%252Fangular.js%253Fad76f9b8c42ab75218a5fc1d8f1b65e9fd985cbb%253A1767%253A17%250A%2520%2520%2520%2520at%2520ensure%2520(http%253A%252F%252Flocalhost%253A9876%252Fabsolute%252Fhome%252Fyucheng-slave%252FYummet%252FWebapp%252Fapp%252Fv1%252Fcore%252Fappserver%252Fsrc%252Fmain%252Fwebapp%252Fassets%252Fjs%252Fangular_v1.3.14%252Fangular.js%253Fad76f9b8c42ab75218a5fc1d8f1b65e9fd985cbb%253A1691%253A38)%250A%2520%2520%2520%2520at%2520module%2520(http%253A%252F%252Flocalhost%253A9876%252Fabsolute%252Fhome%252Fyucheng-slave%252FYummet%252FWebapp%252Fapp%252Fv1%252Fcore%252Fappserver%252Fsrc%252Fmain%252Fwebapp%252Fassets%252Fjs%252Fangular_v1.3.14%252Fangular.js%253Fad76f9b8c42ab75218a5fc1d8f1b65e9fd985cbb%253A1765%253A14)%250A%2520%2520%2520%2520at%2520http%253A%252F%252Flocalhost%253A9876%252Fabsolute%252Fhome%252Fyucheng-slave%252FYummet%252FWebapp%252Fapp%252Fv1%252Fcore%252Fappserver%252Fsrc%252Fmain%252Fwebapp%252Fassets%252Fjs%252Fangular_v1.3.14%252Fangular.js%253Fad76f9b8c42ab75218a5fc1d8f1b65e9fd985cbb%253A4097%253A22%250A%2520%2520%2520%2520at%2520forEach%2520(http%253A%252F%252Flocalhost%253A9876%252Fabsolute%252Fhome%252Fyucheng-slave%252FYummet%252FWebapp%252Fapp%252Fv1%252Fcore%252Fappserver%252Fsrc%252Fmain%252Fwebapp%252Fassets%252Fjs%252Fangular_v1.3.14%252Fangular.js%253Fad76f9b8c42ab75218a5fc1d8f1b65e9fd985cbb%253A323%253A20)%250A%2520%2520%2520%2520at%2520loadModules%2520(http%253A%252F%252Flocalhost%253A9876%252Fabsolute%252Fhome%252Fyucheng-slave%252FYummet%252FWebapp%252Fapp%252Fv1%252Fcore%252Fappserver%252Fsrc%252Fmain%252Fwebapp%252Fassets%252Fjs%252Fangular_v1.3.14%252Fangular.js%253Fad76f9b8c42ab75218a5fc1d8f1b65e9fd985cbb%253A4081%253A5)%250A%2520%2520%2520%2520at%2520http%253A%252F%252Flocalhost%253A9876%252Fabsolute%252Fhome%252Fyucheng-slave%252FYummet%252FWebapp%252Fapp%252Fv1%252Fcore%252Fappserver%252Fsrc%252Fmain%252Fwebapp%252Fassets%252Fjs%252Fangular_v1.3.14%252Fangular.js%253Fad76f9b8c42ab75218a5fc1d8f1b65e9fd985cbb%253A4098%253A40%250A%2520%2520%2520%2520at%2520forEach%2520(http%253A%252F%252Flocalhost%253A9876%252Fabsolute%252Fhome%252Fyucheng-slave%252FYummet%252FWebapp%252Fapp%252Fv1%252Fcore%252Fappserver%252Fsrc%252Fmain%252Fwebapp%252Fassets%252Fjs%252Fangular_v1.3.14%252Fangular.js%253Fad76f9b8c42ab75218a5fc1d8f1b65e9fd985cbb%253A323%253A20)%250A%2520%2520%2520%2520at%2520loadModules%2520(http%253A%252F%252Flocalhost%253A9876%252Fabsolute%252Fhome%252Fyucheng-slave%252FYummet%252FWebapp%252Fapp%252Fv1%252Fcore%252Fappserver%252Fsrc%252Fmain%252Fwebapp%252Fassets%252Fjs%252Fangular_v1.3.14%252Fangular.js%253Fad76f9b8c42ab75218a5fc1d8f1b65e9fd985cbb%253A4081%253A5)%0A%20%20%20%20at%20http%3A%2F%2Flocalhost%3A9876%2Fabsolute%2Fhome%2Fyucheng-slave%2FYummet%2FWebapp%2Fapp%2Fv1%2Fcore%2Fappserver%2Fsrc%2Fmain%2Fwebapp%2Fassets%2Fjs%2Fangular_v1.3.14%2Fangular.js%3Fad76f9b8c42ab75218a5fc1d8f1b65e9fd985cbb%3A63%3A12%0A%20%20%20%20at%20http%3A%2F%2Flocalhost%3A9876%2Fabsolute%2Fhome%2Fyucheng-slave%2FYummet%2FWebapp%2Fapp%2Fv1%2Fcore%2Fappserver%2Fsrc%2Fmain%2Fwebapp%2Fassets%2Fjs%2Fangular_v1.3.14%2Fangular.js%3Fad76f9b8c42ab75218a5fc1d8f1b65e9fd985cbb%3A4120%3A15%0A%20%20%20%20at%20forEach%20(http%3A%2F%2Flocalhost%3A9876%2Fabsolute%2Fhome%2Fyucheng-slave%2FYummet%2FWebapp%2Fapp%2Fv1%2Fcore%2Fappserver%2Fsrc%2Fmain%2Fwebapp%2Fassets%2Fjs%2Fangular_v1.3.14%2Fangular.js%3Fad76f9b8c42ab75218a5fc1d8f1b65e9fd985cbb%3A323%3A20)%0A%20%20%20%20at%20loadModules%20(http%3A%2F%2Flocalhost%3A9876%2Fabsolute%2Fhome%2Fyucheng-slave%2FYummet%2FWebapp%2Fapp%2Fv1%2Fcore%2Fappserver%2Fsrc%2Fmain%2Fwebapp%2Fassets%2Fjs%2Fangular_v1.3.14%2Fangular.js%3Fad76f9b8c42ab75218a5fc1d8f1b65e9fd985cbb%3A4081%3A5)%0A%20%20%20%20at%20http%3A%2F%2Flocalhost%3A9876%2Fabsolute%2Fhome%2Fyucheng-slave%2FYummet%2FWebapp%2Fapp%2Fv1%2Fcore%2Fappserver%2Fsrc%2Fmain%2Fwebapp%2Fassets%2Fjs%2Fangular_v1.3.14%2Fangular.js%3Fad76f9b8c42ab75218a5fc1d8f1b65e9fd985cbb%3A4098%3A40%0A%20%20%20%20at%20forEach%20(http%3A%2F%2Flocalhost%3A9876%2Fabsolute%2Fhome%2Fyucheng-slave%2FYummet%2FWebapp%2Fapp%2Fv1%2Fcore%2Fappserver%2Fsrc%2Fmain%2Fwebapp%2Fassets%2Fjs%2Fangular_v1.3.14%2Fangular.js%3Fad76f9b8c42ab75218a5fc1d8f1b65e9fd985cbb%3A323%3A20)%0A%20%20%20%20at%20loadModules%20(http%3A%2F%2Flocalhost%3A9876%2Fabsolute%2Fhome%2Fyucheng-slave%2FYummet%2FWebapp%2Fapp%2Fv1%2Fcore%2Fappserver%2Fsrc%2Fmain%2Fwebapp%2Fassets%2Fjs%2Fangular_v1.3.14%2Fangular.js%3Fad76f9b8c42ab75218a5fc1d8f1b65e9fd985cbb%3A4081%3A5)%0A%20%20%20%20at%20Object.createInjector%20%5Bas%20injector%5D%20(http%3A%2F%2Flocalhost%3A9876%2Fabsolute%2Fhome%2Fyucheng-slave%2FYummet%2FWebapp%2Fapp%2Fv1%2Fcore%2Fappserver%2Fsrc%2Fmain%2Fwebapp%2Fassets%2Fjs%2Fangular_v1.3.14%2Fangular.js%3Fad76f9b8c42ab75218a5fc1d8f1b65e9fd985cbb%3A4007%3A11)%0A%20%20%20%20at%20Object.workFn%20(http%3A%2F%2Flocalhost%3A9876%2Fbase%2Ftest%2Fangular-mocks.js%3F22d2ba1b1057c6b4d908b5bef8c0f16e46f8b036%3A2353%3A52)%0A%20%20%20%20at%20attemptSync%20(http%3A%2F%2Flocalhost%3A9876%2Fabsolute%2Fhome%2Fyucheng-slave%2FYummet%2FWebapp%2Fapp%2Fv1%2Fcore%2Fappserver%2Fnode_modules%2Fjasmine-core%2Flib%2Fjasmine-core%2Fjasmine.js%3F578a1e5ff14db21b04e2d6db7fd0eda37042440c%3A1789%3A24)
    at /home/yucheng-slave/Yummet/Webapp/app/v1/core/appserver/src/main/webapp/assets/js/angular_v1.3.14/angular.js:63:12
    at /home/yucheng-slave/Yummet/Webapp/app/v1/core/appserver/src/main/webapp/assets/js/angular_v1.3.14/angular.js:4120:15
    at forEach (/home/yucheng-slave/Yummet/Webapp/app/v1/core/appserver/src/main/webapp/assets/js/angular_v1.3.14/angular.js:323:20)
    at loadModules (/home/yucheng-slave/Yummet/Webapp/app/v1/core/appserver/src/main/webapp/assets/js/angular_v1.3.14/angular.js:4081:5)
    at Object.createInjector [as injector] (/home/yucheng-slave/Yummet/Webapp/app/v1/core/appserver/src/main/webapp/assets/js/angular_v1.3.14/angular.js:4007:11)
    at Object.workFn (/home/yucheng-slave/Yummet/Webapp/app/v1/core/appserver/src/main/webapp/resources/angular/test/angular-mocks.js:2353:52)
</failure>
      <failure type="">TypeError: Cannot read property &apos;credentials&apos; of undefined
    at Object.&lt;anonymous&gt; (/home/yucheng-slave/Yummet/Webapp/app/v1/core/appserver/src/main/webapp/resources/angular/test/controller/loginAppControllerTest.js:40:15)
</failure>
    </testcase>
    <testcase name="sets the strength to &quot;weak&quot; if the password length &lt;3 chars" time="0.003" classname="Chrome 40.0.2214 (Linux 0.0.0).load loginApp loginAppController">
      <failure type="">Error: [$injector:modulerr] Failed to instantiate module loginApp due to:
Error: [$injector:modulerr] Failed to instantiate module ui.router due to:
Error: [$injector:nomod] Module &apos;ui.router&apos; is not available! You either misspelled the module name or forgot to load it. If registering a module ensure that you specify the dependencies as the second argument.
http://errors.angularjs.org/1.3.14/$injector/nomod?p0=ui.router
    at /home/yucheng-slave/Yummet/Webapp/app/v1/core/appserver/src/main/webapp/assets/js/angular_v1.3.14/angular.js:63:12
    at /home/yucheng-slave/Yummet/Webapp/app/v1/core/appserver/src/main/webapp/assets/js/angular_v1.3.14/angular.js:1767:17
    at ensure (/home/yucheng-slave/Yummet/Webapp/app/v1/core/appserver/src/main/webapp/assets/js/angular_v1.3.14/angular.js:1691:38)
    at module (/home/yucheng-slave/Yummet/Webapp/app/v1/core/appserver/src/main/webapp/assets/js/angular_v1.3.14/angular.js:1765:14)
    at /home/yucheng-slave/Yummet/Webapp/app/v1/core/appserver/src/main/webapp/assets/js/angular_v1.3.14/angular.js:4097:22
    at forEach (/home/yucheng-slave/Yummet/Webapp/app/v1/core/appserver/src/main/webapp/assets/js/angular_v1.3.14/angular.js:323:20)
    at loadModules (/home/yucheng-slave/Yummet/Webapp/app/v1/core/appserver/src/main/webapp/assets/js/angular_v1.3.14/angular.js:4081:5)
    at /home/yucheng-slave/Yummet/Webapp/app/v1/core/appserver/src/main/webapp/assets/js/angular_v1.3.14/angular.js:4098:40
    at forEach (/home/yucheng-slave/Yummet/Webapp/app/v1/core/appserver/src/main/webapp/assets/js/angular_v1.3.14/angular.js:323:20)
    at loadModules (/home/yucheng-slave/Yummet/Webapp/app/v1/core/appserver/src/main/webapp/assets/js/angular_v1.3.14/angular.js:4081:5)
http://errors.angularjs.org/1.3.14/$injector/modulerr?p0=ui.router&amp;p1=Error%3A%20%5B%24injector%3Anomod%5D%20Module%20&apos;ui.router&apos;%20is%20not%20available!%20You%20either%20misspelled%20the%20module%20name%20or%20forgot%20to%20load%20it.%20If%20registering%20a%20module%20ensure%20that%20you%20specify%20the%20dependencies%20as%20the%20second%20argument.%0Ahttp%3A%2F%2Ferrors.angularjs.org%2F1.3.14%2F%24injector%2Fnomod%3Fp0%3Dui.router%0A%20%20%20%20at%20http%3A%2F%2Flocalhost%3A9876%2Fabsolute%2Fhome%2Fyucheng-slave%2FYummet%2FWebapp%2Fapp%2Fv1%2Fcore%2Fappserver%2Fsrc%2Fmain%2Fwebapp%2Fassets%2Fjs%2Fangular_v1.3.14%2Fangular.js%3Fad76f9b8c42ab75218a5fc1d8f1b65e9fd985cbb%3A63%3A12%0A%20%20%20%20at%20http%3A%2F%2Flocalhost%3A9876%2Fabsolute%2Fhome%2Fyucheng-slave%2FYummet%2FWebapp%2Fapp%2Fv1%2Fcore%2Fappserver%2Fsrc%2Fmain%2Fwebapp%2Fassets%2Fjs%2Fangular_v1.3.14%2Fangular.js%3Fad76f9b8c42ab75218a5fc1d8f1b65e9fd985cbb%3A1767%3A17%0A%20%20%20%20at%20ensure%20(http%3A%2F%2Flocalhost%3A9876%2Fabsolute%2Fhome%2Fyucheng-slave%2FYummet%2FWebapp%2Fapp%2Fv1%2Fcore%2Fappserver%2Fsrc%2Fmain%2Fwebapp%2Fassets%2Fjs%2Fangular_v1.3.14%2Fangular.js%3Fad76f9b8c42ab75218a5fc1d8f1b65e9fd985cbb%3A1691%3A38)%0A%20%20%20%20at%20module%20(http%3A%2F%2Flocalhost%3A9876%2Fabsolute%2Fhome%2Fyucheng-slave%2FYummet%2FWebapp%2Fapp%2Fv1%2Fcore%2Fappserver%2Fsrc%2Fmain%2Fwebapp%2Fassets%2Fjs%2Fangular_v1.3.14%2Fangular.js%3Fad76f9b8c42ab75218a5fc1d8f1b65e9fd985cbb%3A1765%3A14)%0A%20%20%20%20at%20http%3A%2F%2Flocalhost%3A9876%2Fabsolute%2Fhome%2Fyucheng-slave%2FYummet%2FWebapp%2Fapp%2Fv1%2Fcore%2Fappserver%2Fsrc%2Fmain%2Fwebapp%2Fassets%2Fjs%2Fangular_v1.3.14%2Fangular.js%3Fad76f9b8c42ab75218a5fc1d8f1b65e9fd985cbb%3A4097%3A22%0A%20%20%20%20at%20forEach%20(http%3A%2F%2Flocalhost%3A9876%2Fabsolute%2Fhome%2Fyucheng-slave%2FYummet%2FWebapp%2Fapp%2Fv1%2Fcore%2Fappserver%2Fsrc%2Fmain%2Fwebapp%2Fassets%2Fjs%2Fangular_v1.3.14%2Fangular.js%3Fad76f9b8c42ab75218a5fc1d8f1b65e9fd985cbb%3A323%3A20)%0A%20%20%20%20at%20loadModules%20(http%3A%2F%2Flocalhost%3A9876%2Fabsolute%2Fhome%2Fyucheng-slave%2FYummet%2FWebapp%2Fapp%2Fv1%2Fcore%2Fappserver%2Fsrc%2Fmain%2Fwebapp%2Fassets%2Fjs%2Fangular_v1.3.14%2Fangular.js%3Fad76f9b8c42ab75218a5fc1d8f1b65e9fd985cbb%3A4081%3A5)%0A%20%20%20%20at%20http%3A%2F%2Flocalhost%3A9876%2Fabsolute%2Fhome%2Fyucheng-slave%2FYummet%2FWebapp%2Fapp%2Fv1%2Fcore%2Fappserver%2Fsrc%2Fmain%2Fwebapp%2Fassets%2Fjs%2Fangular_v1.3.14%2Fangular.js%3Fad76f9b8c42ab75218a5fc1d8f1b65e9fd985cbb%3A4098%3A40%0A%20%20%20%20at%20forEach%20(http%3A%2F%2Flocalhost%3A9876%2Fabsolute%2Fhome%2Fyucheng-slave%2FYummet%2FWebapp%2Fapp%2Fv1%2Fcore%2Fappserver%2Fsrc%2Fmain%2Fwebapp%2Fassets%2Fjs%2Fangular_v1.3.14%2Fangular.js%3Fad76f9b8c42ab75218a5fc1d8f1b65e9fd985cbb%3A323%3A20)%0A%20%20%20%20at%20loadModules%20(http%3A%2F%2Flocalhost%3A9876%2Fabsolute%2Fhome%2Fyucheng-slave%2FYummet%2FWebapp%2Fapp%2Fv1%2Fcore%2Fappserver%2Fsrc%2Fmain%2Fwebapp%2Fassets%2Fjs%2Fangular_v1.3.14%2Fangular.js%3Fad76f9b8c42ab75218a5fc1d8f1b65e9fd985cbb%3A4081%3A5)
    at /home/yucheng-slave/Yummet/Webapp/app/v1/core/appserver/src/main/webapp/assets/js/angular_v1.3.14/angular.js:63:12
    at /home/yucheng-slave/Yummet/Webapp/app/v1/core/appserver/src/main/webapp/assets/js/angular_v1.3.14/angular.js:4120:15
    at forEach (/home/yucheng-slave/Yummet/Webapp/app/v1/core/appserver/src/main/webapp/assets/js/angular_v1.3.14/angular.js:323:20)
    at loadModules (/home/yucheng-slave/Yummet/Webapp/app/v1/core/appserver/src/main/webapp/assets/js/angular_v1.3.14/angular.js:4081:5)
    at /home/yucheng-slave/Yummet/Webapp/app/v1/core/appserver/src/main/webapp/assets/js/angular_v1.3.14/angular.js:4098:40
    at forEach (/home/yucheng-slave/Yummet/Webapp/app/v1/core/appserver/src/main/webapp/assets/js/angular_v1.3.14/angular.js:323:20)
    at loadModules (/home/yucheng-slave/Yummet/Webapp/app/v1/core/appserver/src/main/webapp/assets/js/angular_v1.3.14/angular.js:4081:5)
    at Object.createInjector [as injector] (/home/yucheng-slave/Yummet/Webapp/app/v1/core/appserver/src/main/webapp/assets/js/angular_v1.3.14/angular.js:4007:11)
    at Object.workFn (/home/yucheng-slave/Yummet/Webapp/app/v1/core/appserver/src/main/webapp/resources/angular/test/angular-mocks.js:2353:52)
http://errors.angularjs.org/1.3.14/$injector/modulerr?p0=loginApp&amp;p1=Error%3A%20%5B%24injector%3Amodulerr%5D%20Failed%20to%20instantiate%20module%20ui.router%20due%20to%3A%0AError%3A%20%5B%24injector%3Anomod%5D%20Module%20&apos;ui.router&apos;%20is%20not%20available!%20You%20either%20misspelled%20the%20module%20name%20or%20forgot%20to%20load%20it.%20If%20registering%20a%20module%20ensure%20that%20you%20specify%20the%20dependencies%20as%20the%20second%20argument.%0Ahttp%3A%2F%2Ferrors.angularjs.org%2F1.3.14%2F%24injector%2Fnomod%3Fp0%3Dui.router%0A%20%20%20%20at%20http%3A%2F%2Flocalhost%3A9876%2Fabsolute%2Fhome%2Fyucheng-slave%2FYummet%2FWebapp%2Fapp%2Fv1%2Fcore%2Fappserver%2Fsrc%2Fmain%2Fwebapp%2Fassets%2Fjs%2Fangular_v1.3.14%2Fangular.js%3Fad76f9b8c42ab75218a5fc1d8f1b65e9fd985cbb%3A63%3A12%0A%20%20%20%20at%20http%3A%2F%2Flocalhost%3A9876%2Fabsolute%2Fhome%2Fyucheng-slave%2FYummet%2FWebapp%2Fapp%2Fv1%2Fcore%2Fappserver%2Fsrc%2Fmain%2Fwebapp%2Fassets%2Fjs%2Fangular_v1.3.14%2Fangular.js%3Fad76f9b8c42ab75218a5fc1d8f1b65e9fd985cbb%3A1767%3A17%0A%20%20%20%20at%20ensure%20(http%3A%2F%2Flocalhost%3A9876%2Fabsolute%2Fhome%2Fyucheng-slave%2FYummet%2FWebapp%2Fapp%2Fv1%2Fcore%2Fappserver%2Fsrc%2Fmain%2Fwebapp%2Fassets%2Fjs%2Fangular_v1.3.14%2Fangular.js%3Fad76f9b8c42ab75218a5fc1d8f1b65e9fd985cbb%3A1691%3A38)%0A%20%20%20%20at%20module%20(http%3A%2F%2Flocalhost%3A9876%2Fabsolute%2Fhome%2Fyucheng-slave%2FYummet%2FWebapp%2Fapp%2Fv1%2Fcore%2Fappserver%2Fsrc%2Fmain%2Fwebapp%2Fassets%2Fjs%2Fangular_v1.3.14%2Fangular.js%3Fad76f9b8c42ab75218a5fc1d8f1b65e9fd985cbb%3A1765%3A14)%0A%20%20%20%20at%20http%3A%2F%2Flocalhost%3A9876%2Fabsolute%2Fhome%2Fyucheng-slave%2FYummet%2FWebapp%2Fapp%2Fv1%2Fcore%2Fappserver%2Fsrc%2Fmain%2Fwebapp%2Fassets%2Fjs%2Fangular_v1.3.14%2Fangular.js%3Fad76f9b8c42ab75218a5fc1d8f1b65e9fd985cbb%3A4097%3A22%0A%20%20%20%20at%20forEach%20(http%3A%2F%2Flocalhost%3A9876%2Fabsolute%2Fhome%2Fyucheng-slave%2FYummet%2FWebapp%2Fapp%2Fv1%2Fcore%2Fappserver%2Fsrc%2Fmain%2Fwebapp%2Fassets%2Fjs%2Fangular_v1.3.14%2Fangular.js%3Fad76f9b8c42ab75218a5fc1d8f1b65e9fd985cbb%3A323%3A20)%0A%20%20%20%20at%20loadModules%20(http%3A%2F%2Flocalhost%3A9876%2Fabsolute%2Fhome%2Fyucheng-slave%2FYummet%2FWebapp%2Fapp%2Fv1%2Fcore%2Fappserver%2Fsrc%2Fmain%2Fwebapp%2Fassets%2Fjs%2Fangular_v1.3.14%2Fangular.js%3Fad76f9b8c42ab75218a5fc1d8f1b65e9fd985cbb%3A4081%3A5)%0A%20%20%20%20at%20http%3A%2F%2Flocalhost%3A9876%2Fabsolute%2Fhome%2Fyucheng-slave%2FYummet%2FWebapp%2Fapp%2Fv1%2Fcore%2Fappserver%2Fsrc%2Fmain%2Fwebapp%2Fassets%2Fjs%2Fangular_v1.3.14%2Fangular.js%3Fad76f9b8c42ab75218a5fc1d8f1b65e9fd985cbb%3A4098%3A40%0A%20%20%20%20at%20forEach%20(http%3A%2F%2Flocalhost%3A9876%2Fabsolute%2Fhome%2Fyucheng-slave%2FYummet%2FWebapp%2Fapp%2Fv1%2Fcore%2Fappserver%2Fsrc%2Fmain%2Fwebapp%2Fassets%2Fjs%2Fangular_v1.3.14%2Fangular.js%3Fad76f9b8c42ab75218a5fc1d8f1b65e9fd985cbb%3A323%3A20)%0A%20%20%20%20at%20loadModules%20(http%3A%2F%2Flocalhost%3A9876%2Fabsolute%2Fhome%2Fyucheng-slave%2FYummet%2FWebapp%2Fapp%2Fv1%2Fcore%2Fappserver%2Fsrc%2Fmain%2Fwebapp%2Fassets%2Fjs%2Fangular_v1.3.14%2Fangular.js%3Fad76f9b8c42ab75218a5fc1d8f1b65e9fd985cbb%3A4081%3A5)%0Ahttp%3A%2F%2Ferrors.angularjs.org%2F1.3.14%2F%24injector%2Fmodulerr%3Fp0%3Dui.router%26p1%3DError%253A%2520%255B%2524injector%253Anomod%255D%2520Module%2520&apos;ui.router&apos;%2520is%2520not%2520available!%2520You%2520either%2520misspelled%2520the%2520module%2520name%2520or%2520forgot%2520to%2520load%2520it.%2520If%2520registering%2520a%2520module%2520ensure%2520that%2520you%2520specify%2520the%2520dependencies%2520as%2520the%2520second%2520argument.%250Ahttp%253A%252F%252Ferrors.angularjs.org%252F1.3.14%252F%2524injector%252Fnomod%253Fp0%253Dui.router%250A%2520%2520%2520%2520at%2520http%253A%252F%252Flocalhost%253A9876%252Fabsolute%252Fhome%252Fyucheng-slave%252FYummet%252FWebapp%252Fapp%252Fv1%252Fcore%252Fappserver%252Fsrc%252Fmain%252Fwebapp%252Fassets%252Fjs%252Fangular_v1.3.14%252Fangular.js%253Fad76f9b8c42ab75218a5fc1d8f1b65e9fd985cbb%253A63%253A12%250A%2520%2520%2520%2520at%2520http%253A%252F%252Flocalhost%253A9876%252Fabsolute%252Fhome%252Fyucheng-slave%252FYummet%252FWebapp%252Fapp%252Fv1%252Fcore%252Fappserver%252Fsrc%252Fmain%252Fwebapp%252Fassets%252Fjs%252Fangular_v1.3.14%252Fangular.js%253Fad76f9b8c42ab75218a5fc1d8f1b65e9fd985cbb%253A1767%253A17%250A%2520%2520%2520%2520at%2520ensure%2520(http%253A%252F%252Flocalhost%253A9876%252Fabsolute%252Fhome%252Fyucheng-slave%252FYummet%252FWebapp%252Fapp%252Fv1%252Fcore%252Fappserver%252Fsrc%252Fmain%252Fwebapp%252Fassets%252Fjs%252Fangular_v1.3.14%252Fangular.js%253Fad76f9b8c42ab75218a5fc1d8f1b65e9fd985cbb%253A1691%253A38)%250A%2520%2520%2520%2520at%2520module%2520(http%253A%252F%252Flocalhost%253A9876%252Fabsolute%252Fhome%252Fyucheng-slave%252FYummet%252FWebapp%252Fapp%252Fv1%252Fcore%252Fappserver%252Fsrc%252Fmain%252Fwebapp%252Fassets%252Fjs%252Fangular_v1.3.14%252Fangular.js%253Fad76f9b8c42ab75218a5fc1d8f1b65e9fd985cbb%253A1765%253A14)%250A%2520%2520%2520%2520at%2520http%253A%252F%252Flocalhost%253A9876%252Fabsolute%252Fhome%252Fyucheng-slave%252FYummet%252FWebapp%252Fapp%252Fv1%252Fcore%252Fappserver%252Fsrc%252Fmain%252Fwebapp%252Fassets%252Fjs%252Fangular_v1.3.14%252Fangular.js%253Fad76f9b8c42ab75218a5fc1d8f1b65e9fd985cbb%253A4097%253A22%250A%2520%2520%2520%2520at%2520forEach%2520(http%253A%252F%252Flocalhost%253A9876%252Fabsolute%252Fhome%252Fyucheng-slave%252FYummet%252FWebapp%252Fapp%252Fv1%252Fcore%252Fappserver%252Fsrc%252Fmain%252Fwebapp%252Fassets%252Fjs%252Fangular_v1.3.14%252Fangular.js%253Fad76f9b8c42ab75218a5fc1d8f1b65e9fd985cbb%253A323%253A20)%250A%2520%2520%2520%2520at%2520loadModules%2520(http%253A%252F%252Flocalhost%253A9876%252Fabsolute%252Fhome%252Fyucheng-slave%252FYummet%252FWebapp%252Fapp%252Fv1%252Fcore%252Fappserver%252Fsrc%252Fmain%252Fwebapp%252Fassets%252Fjs%252Fangular_v1.3.14%252Fangular.js%253Fad76f9b8c42ab75218a5fc1d8f1b65e9fd985cbb%253A4081%253A5)%250A%2520%2520%2520%2520at%2520http%253A%252F%252Flocalhost%253A9876%252Fabsolute%252Fhome%252Fyucheng-slave%252FYummet%252FWebapp%252Fapp%252Fv1%252Fcore%252Fappserver%252Fsrc%252Fmain%252Fwebapp%252Fassets%252Fjs%252Fangular_v1.3.14%252Fangular.js%253Fad76f9b8c42ab75218a5fc1d8f1b65e9fd985cbb%253A4098%253A40%250A%2520%2520%2520%2520at%2520forEach%2520(http%253A%252F%252Flocalhost%253A9876%252Fabsolute%252Fhome%252Fyucheng-slave%252FYummet%252FWebapp%252Fapp%252Fv1%252Fcore%252Fappserver%252Fsrc%252Fmain%252Fwebapp%252Fassets%252Fjs%252Fangular_v1.3.14%252Fangular.js%253Fad76f9b8c42ab75218a5fc1d8f1b65e9fd985cbb%253A323%253A20)%250A%2520%2520%2520%2520at%2520loadModules%2520(http%253A%252F%252Flocalhost%253A9876%252Fabsolute%252Fhome%252Fyucheng-slave%252FYummet%252FWebapp%252Fapp%252Fv1%252Fcore%252Fappserver%252Fsrc%252Fmain%252Fwebapp%252Fassets%252Fjs%252Fangular_v1.3.14%252Fangular.js%253Fad76f9b8c42ab75218a5fc1d8f1b65e9fd985cbb%253A4081%253A5)%0A%20%20%20%20at%20http%3A%2F%2Flocalhost%3A9876%2Fabsolute%2Fhome%2Fyucheng-slave%2FYummet%2FWebapp%2Fapp%2Fv1%2Fcore%2Fappserver%2Fsrc%2Fmain%2Fwebapp%2Fassets%2Fjs%2Fangular_v1.3.14%2Fangular.js%3Fad76f9b8c42ab75218a5fc1d8f1b65e9fd985cbb%3A63%3A12%0A%20%20%20%20at%20http%3A%2F%2Flocalhost%3A9876%2Fabsolute%2Fhome%2Fyucheng-slave%2FYummet%2FWebapp%2Fapp%2Fv1%2Fcore%2Fappserver%2Fsrc%2Fmain%2Fwebapp%2Fassets%2Fjs%2Fangular_v1.3.14%2Fangular.js%3Fad76f9b8c42ab75218a5fc1d8f1b65e9fd985cbb%3A4120%3A15%0A%20%20%20%20at%20forEach%20(http%3A%2F%2Flocalhost%3A9876%2Fabsolute%2Fhome%2Fyucheng-slave%2FYummet%2FWebapp%2Fapp%2Fv1%2Fcore%2Fappserver%2Fsrc%2Fmain%2Fwebapp%2Fassets%2Fjs%2Fangular_v1.3.14%2Fangular.js%3Fad76f9b8c42ab75218a5fc1d8f1b65e9fd985cbb%3A323%3A20)%0A%20%20%20%20at%20loadModules%20(http%3A%2F%2Flocalhost%3A9876%2Fabsolute%2Fhome%2Fyucheng-slave%2FYummet%2FWebapp%2Fapp%2Fv1%2Fcore%2Fappserver%2Fsrc%2Fmain%2Fwebapp%2Fassets%2Fjs%2Fangular_v1.3.14%2Fangular.js%3Fad76f9b8c42ab75218a5fc1d8f1b65e9fd985cbb%3A4081%3A5)%0A%20%20%20%20at%20http%3A%2F%2Flocalhost%3A9876%2Fabsolute%2Fhome%2Fyucheng-slave%2FYummet%2FWebapp%2Fapp%2Fv1%2Fcore%2Fappserver%2Fsrc%2Fmain%2Fwebapp%2Fassets%2Fjs%2Fangular_v1.3.14%2Fangular.js%3Fad76f9b8c42ab75218a5fc1d8f1b65e9fd985cbb%3A4098%3A40%0A%20%20%20%20at%20forEach%20(http%3A%2F%2Flocalhost%3A9876%2Fabsolute%2Fhome%2Fyucheng-slave%2FYummet%2FWebapp%2Fapp%2Fv1%2Fcore%2Fappserver%2Fsrc%2Fmain%2Fwebapp%2Fassets%2Fjs%2Fangular_v1.3.14%2Fangular.js%3Fad76f9b8c42ab75218a5fc1d8f1b65e9fd985cbb%3A323%3A20)%0A%20%20%20%20at%20loadModules%20(http%3A%2F%2Flocalhost%3A9876%2Fabsolute%2Fhome%2Fyucheng-slave%2FYummet%2FWebapp%2Fapp%2Fv1%2Fcore%2Fappserver%2Fsrc%2Fmain%2Fwebapp%2Fassets%2Fjs%2Fangular_v1.3.14%2Fangular.js%3Fad76f9b8c42ab75218a5fc1d8f1b65e9fd985cbb%3A4081%3A5)%0A%20%20%20%20at%20Object.createInjector%20%5Bas%20injector%5D%20(http%3A%2F%2Flocalhost%3A9876%2Fabsolute%2Fhome%2Fyucheng-slave%2FYummet%2FWebapp%2Fapp%2Fv1%2Fcore%2Fappserver%2Fsrc%2Fmain%2Fwebapp%2Fassets%2Fjs%2Fangular_v1.3.14%2Fangular.js%3Fad76f9b8c42ab75218a5fc1d8f1b65e9fd985cbb%3A4007%3A11)%0A%20%20%20%20at%20Object.workFn%20(http%3A%2F%2Flocalhost%3A9876%2Fbase%2Ftest%2Fangular-mocks.js%3F22d2ba1b1057c6b4d908b5bef8c0f16e46f8b036%3A2353%3A52)%0A%20%20%20%20at%20attemptSync%20(http%3A%2F%2Flocalhost%3A9876%2Fabsolute%2Fhome%2Fyucheng-slave%2FYummet%2FWebapp%2Fapp%2Fv1%2Fcore%2Fappserver%2Fnode_modules%2Fjasmine-core%2Flib%2Fjasmine-core%2Fjasmine.js%3F578a1e5ff14db21b04e2d6db7fd0eda37042440c%3A1789%3A24)
    at /home/yucheng-slave/Yummet/Webapp/app/v1/core/appserver/src/main/webapp/assets/js/angular_v1.3.14/angular.js:63:12
    at /home/yucheng-slave/Yummet/Webapp/app/v1/core/appserver/src/main/webapp/assets/js/angular_v1.3.14/angular.js:4120:15
    at forEach (/home/yucheng-slave/Yummet/Webapp/app/v1/core/appserver/src/main/webapp/assets/js/angular_v1.3.14/angular.js:323:20)
    at loadModules (/home/yucheng-slave/Yummet/Webapp/app/v1/core/appserver/src/main/webapp/assets/js/angular_v1.3.14/angular.js:4081:5)
    at Object.createInjector [as injector] (/home/yucheng-slave/Yummet/Webapp/app/v1/core/appserver/src/main/webapp/assets/js/angular_v1.3.14/angular.js:4007:11)
    at Object.workFn (/home/yucheng-slave/Yummet/Webapp/app/v1/core/appserver/src/main/webapp/resources/angular/test/angular-mocks.js:2353:52)
</failure>
      <failure type="">TypeError: Cannot read property &apos;credentials&apos; of undefined
    at Object.&lt;anonymous&gt; (/home/yucheng-slave/Yummet/Webapp/app/v1/core/appserver/src/main/webapp/resources/angular/test/controller/loginAppControllerTest.js:46:15)
</failure>
    </testcase>
    <testcase name="should assign message to hello world" time="0.01" classname="Chrome 40.0.2214 (Linux 0.0.0).load notificationApp notificationAppController"/>
    <system-out><![CDATA[
]]></system-out>
    <system-err/>
  </testsuite>
</testsuites>
